2022-06-06 10:16:40,193 - Log4JLogChute initialized using file 'velocity.log'
2022-06-06 10:16:40,193 - Initializing Velocity, Calling init()...
2022-06-06 10:16:40,193 - Starting Apache Velocity v1.7 (compiled: 2010-11-19 12:14:37)
2022-06-06 10:16:40,193 - Default Properties File: org\apache\velocity\runtime\defaults\velocity.properties
2022-06-06 10:16:40,193 - Trying to use logger class org.apache.velocity.runtime.log.AvalonLogChute
2022-06-06 10:16:40,193 - Target log system for org.apache.velocity.runtime.log.AvalonLogChute is not available (java.lang.NoClassDefFoundError: org/apache/log/format/Formatter).  Falling back to next log system...
2022-06-06 10:16:40,193 - Trying to use logger class org.apache.velocity.runtime.log.Log4JLogChute
2022-06-06 10:16:40,193 - Using logger class org.apache.velocity.runtime.log.Log4JLogChute
2022-06-06 10:16:40,197 - ResourceLoader instantiated: org.apache.velocity.runtime.resource.loader.ClasspathResourceLoader
2022-06-06 10:16:40,209 - ResourceCache: initialized (class org.apache.velocity.runtime.resource.ResourceCacheImpl) with class java.util.Collections$SynchronizedMap cache map.
2022-06-06 10:16:40,210 - Loaded System Directive: org.apache.velocity.runtime.directive.Stop
2022-06-06 10:16:40,211 - Loaded System Directive: org.apache.velocity.runtime.directive.Define
2022-06-06 10:16:40,212 - Loaded System Directive: org.apache.velocity.runtime.directive.Break
2022-06-06 10:16:40,213 - Loaded System Directive: org.apache.velocity.runtime.directive.Evaluate
2022-06-06 10:16:40,213 - Loaded System Directive: org.apache.velocity.runtime.directive.Literal
2022-06-06 10:16:40,216 - Loaded System Directive: org.apache.velocity.runtime.directive.Macro
2022-06-06 10:16:40,217 - Loaded System Directive: org.apache.velocity.runtime.directive.Parse
2022-06-06 10:16:40,218 - Loaded System Directive: org.apache.velocity.runtime.directive.Include
2022-06-06 10:16:40,219 - Loaded System Directive: org.apache.velocity.runtime.directive.Foreach
2022-06-06 10:16:40,251 - Created '20' parsers.
2022-06-06 10:16:40,256 - Velocimacro : "velocimacro.library" is not set.  Trying default library: VM_global_library.vm
2022-06-06 10:16:40,257 - Could not load resource 'VM_global_library.vm' from ResourceLoader org.apache.velocity.runtime.resource.loader.ClasspathResourceLoader: ClasspathResourceLoader Error: cannot find resource VM_global_library.vm
2022-06-06 10:16:40,257 - Velocimacro : Default library not found.
2022-06-06 10:16:40,257 - Velocimacro : allowInline = true : VMs can be defined inline in templates
2022-06-06 10:16:40,257 - Velocimacro : allowInlineToOverride = false : VMs defined inline may NOT replace previous VM definitions
2022-06-06 10:16:40,257 - Velocimacro : allowInlineLocal = false : VMs defined inline will be global in scope if allowed.
2022-06-06 10:16:40,257 - Velocimacro : autoload off : VM system will not automatically reload global library macros
2022-06-06 10:16:40,279 - ResourceManager : found /templates/entity.java.vm with loader org.apache.velocity.runtime.resource.loader.ClasspathResourceLoader
2022-06-06 10:16:40,287 - Left side (${versionFieldName}) of '==' operation has null value. If it is a reference, it may not be in the context or its toString() returned null. /templates/entity.java.vm[line 76, column 26]
2022-06-06 10:16:40,287 - Left side (${logicDeleteFieldName}) of '==' operation has null value. If it is a reference, it may not be in the context or its toString() returned null. /templates/entity.java.vm[line 80, column 30]
2022-06-06 10:16:40,288 - Left side (${versionFieldName}) of '==' operation has null value. If it is a reference, it may not be in the context or its toString() returned null. /templates/entity.java.vm[line 76, column 26]
2022-06-06 10:16:40,288 - Left side (${logicDeleteFieldName}) of '==' operation has null value. If it is a reference, it may not be in the context or its toString() returned null. /templates/entity.java.vm[line 80, column 30]
2022-06-06 10:16:40,288 - Left side (${versionFieldName}) of '==' operation has null value. If it is a reference, it may not be in the context or its toString() returned null. /templates/entity.java.vm[line 76, column 26]
2022-06-06 10:16:40,288 - Left side (${logicDeleteFieldName}) of '==' operation has null value. If it is a reference, it may not be in the context or its toString() returned null. /templates/entity.java.vm[line 80, column 30]
2022-06-06 10:16:40,288 - Left side (${versionFieldName}) of '==' operation has null value. If it is a reference, it may not be in the context or its toString() returned null. /templates/entity.java.vm[line 76, column 26]
2022-06-06 10:16:40,288 - Left side (${logicDeleteFieldName}) of '==' operation has null value. If it is a reference, it may not be in the context or its toString() returned null. /templates/entity.java.vm[line 80, column 30]
2022-06-06 10:16:40,288 - Left side (${versionFieldName}) of '==' operation has null value. If it is a reference, it may not be in the context or its toString() returned null. /templates/entity.java.vm[line 76, column 26]
2022-06-06 10:16:40,288 - Left side (${logicDeleteFieldName}) of '==' operation has null value. If it is a reference, it may not be in the context or its toString() returned null. /templates/entity.java.vm[line 80, column 30]
2022-06-06 10:16:40,289 - Left side (${versionFieldName}) of '==' operation has null value. If it is a reference, it may not be in the context or its toString() returned null. /templates/entity.java.vm[line 76, column 26]
2022-06-06 10:16:40,289 - Left side (${logicDeleteFieldName}) of '==' operation has null value. If it is a reference, it may not be in the context or its toString() returned null. /templates/entity.java.vm[line 80, column 30]
2022-06-06 10:16:40,289 - Left side (${versionFieldName}) of '==' operation has null value. If it is a reference, it may not be in the context or its toString() returned null. /templates/entity.java.vm[line 76, column 26]
2022-06-06 10:16:40,289 - Left side (${logicDeleteFieldName}) of '==' operation has null value. If it is a reference, it may not be in the context or its toString() returned null. /templates/entity.java.vm[line 80, column 30]
2022-06-06 10:16:40,289 - Left side (${versionFieldName}) of '==' operation has null value. If it is a reference, it may not be in the context or its toString() returned null. /templates/entity.java.vm[line 76, column 26]
2022-06-06 10:16:40,289 - Left side (${logicDeleteFieldName}) of '==' operation has null value. If it is a reference, it may not be in the context or its toString() returned null. /templates/entity.java.vm[line 80, column 30]
2022-06-06 10:16:40,289 - Left side (${versionFieldName}) of '==' operation has null value. If it is a reference, it may not be in the context or its toString() returned null. /templates/entity.java.vm[line 76, column 26]
2022-06-06 10:16:40,289 - Left side (${logicDeleteFieldName}) of '==' operation has null value. If it is a reference, it may not be in the context or its toString() returned null. /templates/entity.java.vm[line 80, column 30]
2022-06-06 10:16:40,289 - Left side (${versionFieldName}) of '==' operation has null value. If it is a reference, it may not be in the context or its toString() returned null. /templates/entity.java.vm[line 76, column 26]
2022-06-06 10:16:40,290 - Left side (${logicDeleteFieldName}) of '==' operation has null value. If it is a reference, it may not be in the context or its toString() returned null. /templates/entity.java.vm[line 80, column 30]
2022-06-06 10:16:40,290 - Left side (${versionFieldName}) of '==' operation has null value. If it is a reference, it may not be in the context or its toString() returned null. /templates/entity.java.vm[line 76, column 26]
2022-06-06 10:16:40,290 - Left side (${logicDeleteFieldName}) of '==' operation has null value. If it is a reference, it may not be in the context or its toString() returned null. /templates/entity.java.vm[line 80, column 30]
2022-06-06 10:16:40,290 - Left side (${versionFieldName}) of '==' operation has null value. If it is a reference, it may not be in the context or its toString() returned null. /templates/entity.java.vm[line 76, column 26]
2022-06-06 10:16:40,290 - Left side (${logicDeleteFieldName}) of '==' operation has null value. If it is a reference, it may not be in the context or its toString() returned null. /templates/entity.java.vm[line 80, column 30]
2022-06-06 10:16:40,290 - Left side (${versionFieldName}) of '==' operation has null value. If it is a reference, it may not be in the context or its toString() returned null. /templates/entity.java.vm[line 76, column 26]
2022-06-06 10:16:40,290 - Left side (${logicDeleteFieldName}) of '==' operation has null value. If it is a reference, it may not be in the context or its toString() returned null. /templates/entity.java.vm[line 80, column 30]
2022-06-06 10:16:40,290 - Left side (${versionFieldName}) of '==' operation has null value. If it is a reference, it may not be in the context or its toString() returned null. /templates/entity.java.vm[line 76, column 26]
2022-06-06 10:16:40,290 - Left side (${logicDeleteFieldName}) of '==' operation has null value. If it is a reference, it may not be in the context or its toString() returned null. /templates/entity.java.vm[line 80, column 30]
2022-06-06 10:16:40,300 - ResourceManager : found /templates/mapper.java.vm with loader org.apache.velocity.runtime.resource.loader.ClasspathResourceLoader
2022-06-06 10:16:40,303 - ResourceManager : found /templates/mapper.xml.vm with loader org.apache.velocity.runtime.resource.loader.ClasspathResourceLoader
2022-06-06 10:16:40,305 - ResourceManager : found /templates/service.java.vm with loader org.apache.velocity.runtime.resource.loader.ClasspathResourceLoader
2022-06-06 10:16:40,307 - ResourceManager : found /templates/serviceImpl.java.vm with loader org.apache.velocity.runtime.resource.loader.ClasspathResourceLoader
2022-06-06 10:16:40,311 - ResourceManager : found /templates/controller.java.vm with loader org.apache.velocity.runtime.resource.loader.ClasspathResourceLoader
2022-06-11 17:50:10,702 - Log4JLogChute initialized using file 'velocity.log'
2022-06-11 17:50:10,702 - Initializing Velocity, Calling init()...
2022-06-11 17:50:10,702 - Starting Apache Velocity v1.7 (compiled: 2010-11-19 12:14:37)
2022-06-11 17:50:10,702 - Default Properties File: org\apache\velocity\runtime\defaults\velocity.properties
2022-06-11 17:50:10,702 - Trying to use logger class org.apache.velocity.runtime.log.AvalonLogChute
2022-06-11 17:50:10,702 - Target log system for org.apache.velocity.runtime.log.AvalonLogChute is not available (java.lang.NoClassDefFoundError: org/apache/log/format/Formatter).  Falling back to next log system...
2022-06-11 17:50:10,702 - Trying to use logger class org.apache.velocity.runtime.log.Log4JLogChute
2022-06-11 17:50:10,702 - Using logger class org.apache.velocity.runtime.log.Log4JLogChute
2022-06-11 17:50:10,705 - ResourceLoader instantiated: org.apache.velocity.runtime.resource.loader.ClasspathResourceLoader
2022-06-11 17:50:10,716 - ResourceCache: initialized (class org.apache.velocity.runtime.resource.ResourceCacheImpl) with class java.util.Collections$SynchronizedMap cache map.
2022-06-11 17:50:10,718 - Loaded System Directive: org.apache.velocity.runtime.directive.Stop
2022-06-11 17:50:10,718 - Loaded System Directive: org.apache.velocity.runtime.directive.Define
2022-06-11 17:50:10,719 - Loaded System Directive: org.apache.velocity.runtime.directive.Break
2022-06-11 17:50:10,719 - Loaded System Directive: org.apache.velocity.runtime.directive.Evaluate
2022-06-11 17:50:10,720 - Loaded System Directive: org.apache.velocity.runtime.directive.Literal
2022-06-11 17:50:10,721 - Loaded System Directive: org.apache.velocity.runtime.directive.Macro
2022-06-11 17:50:10,722 - Loaded System Directive: org.apache.velocity.runtime.directive.Parse
2022-06-11 17:50:10,724 - Loaded System Directive: org.apache.velocity.runtime.directive.Include
2022-06-11 17:50:10,724 - Loaded System Directive: org.apache.velocity.runtime.directive.Foreach
2022-06-11 17:50:10,751 - Created '20' parsers.
2022-06-11 17:50:10,756 - Velocimacro : "velocimacro.library" is not set.  Trying default library: VM_global_library.vm
2022-06-11 17:50:10,757 - Could not load resource 'VM_global_library.vm' from ResourceLoader org.apache.velocity.runtime.resource.loader.ClasspathResourceLoader: ClasspathResourceLoader Error: cannot find resource VM_global_library.vm
2022-06-11 17:50:10,757 - Velocimacro : Default library not found.
2022-06-11 17:50:10,757 - Velocimacro : allowInline = true : VMs can be defined inline in templates
2022-06-11 17:50:10,757 - Velocimacro : allowInlineToOverride = false : VMs defined inline may NOT replace previous VM definitions
2022-06-11 17:50:10,757 - Velocimacro : allowInlineLocal = false : VMs defined inline will be global in scope if allowed.
2022-06-11 17:50:10,757 - Velocimacro : autoload off : VM system will not automatically reload global library macros
2022-06-11 17:50:10,777 - ResourceManager : found /templates/entity.java.vm with loader org.apache.velocity.runtime.resource.loader.ClasspathResourceLoader
2022-06-11 17:50:10,785 - Left side (${versionFieldName}) of '==' operation has null value. If it is a reference, it may not be in the context or its toString() returned null. /templates/entity.java.vm[line 76, column 26]
2022-06-11 17:50:10,785 - Left side (${logicDeleteFieldName}) of '==' operation has null value. If it is a reference, it may not be in the context or its toString() returned null. /templates/entity.java.vm[line 80, column 30]
2022-06-11 17:50:10,785 - Left side (${versionFieldName}) of '==' operation has null value. If it is a reference, it may not be in the context or its toString() returned null. /templates/entity.java.vm[line 76, column 26]
2022-06-11 17:50:10,785 - Left side (${logicDeleteFieldName}) of '==' operation has null value. If it is a reference, it may not be in the context or its toString() returned null. /templates/entity.java.vm[line 80, column 30]
2022-06-11 17:50:10,786 - Left side (${versionFieldName}) of '==' operation has null value. If it is a reference, it may not be in the context or its toString() returned null. /templates/entity.java.vm[line 76, column 26]
2022-06-11 17:50:10,786 - Left side (${logicDeleteFieldName}) of '==' operation has null value. If it is a reference, it may not be in the context or its toString() returned null. /templates/entity.java.vm[line 80, column 30]
2022-06-11 17:50:10,795 - ResourceManager : found /templates/mapper.java.vm with loader org.apache.velocity.runtime.resource.loader.ClasspathResourceLoader
2022-06-11 17:50:10,799 - ResourceManager : found /templates/mapper.xml.vm with loader org.apache.velocity.runtime.resource.loader.ClasspathResourceLoader
2022-06-11 17:50:10,801 - ResourceManager : found /templates/service.java.vm with loader org.apache.velocity.runtime.resource.loader.ClasspathResourceLoader
2022-06-11 17:50:10,803 - ResourceManager : found /templates/serviceImpl.java.vm with loader org.apache.velocity.runtime.resource.loader.ClasspathResourceLoader
2022-06-11 17:50:10,805 - ResourceManager : found /templates/controller.java.vm with loader org.apache.velocity.runtime.resource.loader.ClasspathResourceLoader
2022-06-11 17:50:10,813 - ResourceManager : found /templates/entity.java.vm with loader org.apache.velocity.runtime.resource.loader.ClasspathResourceLoader
2022-06-11 17:50:10,814 - Left side (${versionFieldName}) of '==' operation has null value. If it is a reference, it may not be in the context or its toString() returned null. /templates/entity.java.vm[line 76, column 26]
2022-06-11 17:50:10,814 - Left side (${logicDeleteFieldName}) of '==' operation has null value. If it is a reference, it may not be in the context or its toString() returned null. /templates/entity.java.vm[line 80, column 30]
2022-06-11 17:50:10,815 - Left side (${versionFieldName}) of '==' operation has null value. If it is a reference, it may not be in the context or its toString() returned null. /templates/entity.java.vm[line 76, column 26]
2022-06-11 17:50:10,815 - Left side (${logicDeleteFieldName}) of '==' operation has null value. If it is a reference, it may not be in the context or its toString() returned null. /templates/entity.java.vm[line 80, column 30]
2022-06-11 17:50:10,815 - Left side (${versionFieldName}) of '==' operation has null value. If it is a reference, it may not be in the context or its toString() returned null. /templates/entity.java.vm[line 76, column 26]
2022-06-11 17:50:10,815 - Left side (${logicDeleteFieldName}) of '==' operation has null value. If it is a reference, it may not be in the context or its toString() returned null. /templates/entity.java.vm[line 80, column 30]
2022-06-11 17:50:10,815 - Left side (${versionFieldName}) of '==' operation has null value. If it is a reference, it may not be in the context or its toString() returned null. /templates/entity.java.vm[line 76, column 26]
2022-06-11 17:50:10,815 - Left side (${logicDeleteFieldName}) of '==' operation has null value. If it is a reference, it may not be in the context or its toString() returned null. /templates/entity.java.vm[line 80, column 30]
2022-06-11 17:50:10,818 - ResourceManager : found /templates/mapper.java.vm with loader org.apache.velocity.runtime.resource.loader.ClasspathResourceLoader
2022-06-11 17:50:10,821 - ResourceManager : found /templates/mapper.xml.vm with loader org.apache.velocity.runtime.resource.loader.ClasspathResourceLoader
2022-06-11 17:50:10,824 - ResourceManager : found /templates/service.java.vm with loader org.apache.velocity.runtime.resource.loader.ClasspathResourceLoader
2022-06-11 17:50:10,826 - ResourceManager : found /templates/serviceImpl.java.vm with loader org.apache.velocity.runtime.resource.loader.ClasspathResourceLoader
2022-06-11 17:50:10,828 - ResourceManager : found /templates/controller.java.vm with loader org.apache.velocity.runtime.resource.loader.ClasspathResourceLoader
2022-06-11 17:50:10,832 - ResourceManager : found /templates/entity.java.vm with loader org.apache.velocity.runtime.resource.loader.ClasspathResourceLoader
2022-06-11 17:50:10,833 - Left side (${versionFieldName}) of '==' operation has null value. If it is a reference, it may not be in the context or its toString() returned null. /templates/entity.java.vm[line 76, column 26]
2022-06-11 17:50:10,833 - Left side (${logicDeleteFieldName}) of '==' operation has null value. If it is a reference, it may not be in the context or its toString() returned null. /templates/entity.java.vm[line 80, column 30]
2022-06-11 17:50:10,833 - Left side (${versionFieldName}) of '==' operation has null value. If it is a reference, it may not be in the context or its toString() returned null. /templates/entity.java.vm[line 76, column 26]
2022-06-11 17:50:10,833 - Left side (${logicDeleteFieldName}) of '==' operation has null value. If it is a reference, it may not be in the context or its toString() returned null. /templates/entity.java.vm[line 80, column 30]
2022-06-11 17:50:10,835 - ResourceManager : found /templates/mapper.java.vm with loader org.apache.velocity.runtime.resource.loader.ClasspathResourceLoader
2022-06-11 17:50:10,838 - ResourceManager : found /templates/mapper.xml.vm with loader org.apache.velocity.runtime.resource.loader.ClasspathResourceLoader
2022-06-11 17:50:10,840 - ResourceManager : found /templates/service.java.vm with loader org.apache.velocity.runtime.resource.loader.ClasspathResourceLoader
2022-06-11 17:50:10,842 - ResourceManager : found /templates/serviceImpl.java.vm with loader org.apache.velocity.runtime.resource.loader.ClasspathResourceLoader
2022-06-11 17:50:10,845 - ResourceManager : found /templates/controller.java.vm with loader org.apache.velocity.runtime.resource.loader.ClasspathResourceLoader
2022-06-11 17:50:10,849 - ResourceManager : found /templates/entity.java.vm with loader org.apache.velocity.runtime.resource.loader.ClasspathResourceLoader
2022-06-11 17:50:10,850 - Left side (${versionFieldName}) of '==' operation has null value. If it is a reference, it may not be in the context or its toString() returned null. /templates/entity.java.vm[line 76, column 26]
2022-06-11 17:50:10,850 - Left side (${logicDeleteFieldName}) of '==' operation has null value. If it is a reference, it may not be in the context or its toString() returned null. /templates/entity.java.vm[line 80, column 30]
2022-06-11 17:50:10,851 - Left side (${versionFieldName}) of '==' operation has null value. If it is a reference, it may not be in the context or its toString() returned null. /templates/entity.java.vm[line 76, column 26]
2022-06-11 17:50:10,851 - Left side (${logicDeleteFieldName}) of '==' operation has null value. If it is a reference, it may not be in the context or its toString() returned null. /templates/entity.java.vm[line 80, column 30]
2022-06-11 17:50:10,851 - Left side (${versionFieldName}) of '==' operation has null value. If it is a reference, it may not be in the context or its toString() returned null. /templates/entity.java.vm[line 76, column 26]
2022-06-11 17:50:10,851 - Left side (${logicDeleteFieldName}) of '==' operation has null value. If it is a reference, it may not be in the context or its toString() returned null. /templates/entity.java.vm[line 80, column 30]
2022-06-11 17:50:10,851 - Left side (${versionFieldName}) of '==' operation has null value. If it is a reference, it may not be in the context or its toString() returned null. /templates/entity.java.vm[line 76, column 26]
2022-06-11 17:50:10,851 - Left side (${logicDeleteFieldName}) of '==' operation has null value. If it is a reference, it may not be in the context or its toString() returned null. /templates/entity.java.vm[line 80, column 30]
2022-06-11 17:50:10,851 - Left side (${versionFieldName}) of '==' operation has null value. If it is a reference, it may not be in the context or its toString() returned null. /templates/entity.java.vm[line 76, column 26]
2022-06-11 17:50:10,851 - Left side (${logicDeleteFieldName}) of '==' operation has null value. If it is a reference, it may not be in the context or its toString() returned null. /templates/entity.java.vm[line 80, column 30]
2022-06-11 17:50:10,851 - Left side (${versionFieldName}) of '==' operation has null value. If it is a reference, it may not be in the context or its toString() returned null. /templates/entity.java.vm[line 76, column 26]
2022-06-11 17:50:10,851 - Left side (${logicDeleteFieldName}) of '==' operation has null value. If it is a reference, it may not be in the context or its toString() returned null. /templates/entity.java.vm[line 80, column 30]
2022-06-11 17:50:10,851 - Left side (${versionFieldName}) of '==' operation has null value. If it is a reference, it may not be in the context or its toString() returned null. /templates/entity.java.vm[line 76, column 26]
2022-06-11 17:50:10,851 - Left side (${logicDeleteFieldName}) of '==' operation has null value. If it is a reference, it may not be in the context or its toString() returned null. /templates/entity.java.vm[line 80, column 30]
2022-06-11 17:50:10,851 - Left side (${versionFieldName}) of '==' operation has null value. If it is a reference, it may not be in the context or its toString() returned null. /templates/entity.java.vm[line 76, column 26]
2022-06-11 17:50:10,851 - Left side (${logicDeleteFieldName}) of '==' operation has null value. If it is a reference, it may not be in the context or its toString() returned null. /templates/entity.java.vm[line 80, column 30]
2022-06-11 17:50:10,851 - Left side (${versionFieldName}) of '==' operation has null value. If it is a reference, it may not be in the context or its toString() returned null. /templates/entity.java.vm[line 76, column 26]
2022-06-11 17:50:10,851 - Left side (${logicDeleteFieldName}) of '==' operation has null value. If it is a reference, it may not be in the context or its toString() returned null. /templates/entity.java.vm[line 80, column 30]
2022-06-11 17:50:10,853 - ResourceManager : found /templates/mapper.java.vm with loader org.apache.velocity.runtime.resource.loader.ClasspathResourceLoader
2022-06-11 17:50:10,855 - ResourceManager : found /templates/mapper.xml.vm with loader org.apache.velocity.runtime.resource.loader.ClasspathResourceLoader
2022-06-11 17:50:10,856 - ResourceManager : found /templates/service.java.vm with loader org.apache.velocity.runtime.resource.loader.ClasspathResourceLoader
2022-06-11 17:50:10,858 - ResourceManager : found /templates/serviceImpl.java.vm with loader org.apache.velocity.runtime.resource.loader.ClasspathResourceLoader
2022-06-11 17:50:10,860 - ResourceManager : found /templates/controller.java.vm with loader org.apache.velocity.runtime.resource.loader.ClasspathResourceLoader
2022-06-11 17:50:10,863 - ResourceManager : found /templates/entity.java.vm with loader org.apache.velocity.runtime.resource.loader.ClasspathResourceLoader
2022-06-11 17:50:10,864 - Left side (${versionFieldName}) of '==' operation has null value. If it is a reference, it may not be in the context or its toString() returned null. /templates/entity.java.vm[line 76, column 26]
2022-06-11 17:50:10,864 - Left side (${logicDeleteFieldName}) of '==' operation has null value. If it is a reference, it may not be in the context or its toString() returned null. /templates/entity.java.vm[line 80, column 30]
2022-06-11 17:50:10,864 - Left side (${versionFieldName}) of '==' operation has null value. If it is a reference, it may not be in the context or its toString() returned null. /templates/entity.java.vm[line 76, column 26]
2022-06-11 17:50:10,864 - Left side (${logicDeleteFieldName}) of '==' operation has null value. If it is a reference, it may not be in the context or its toString() returned null. /templates/entity.java.vm[line 80, column 30]
2022-06-11 17:50:10,864 - Left side (${versionFieldName}) of '==' operation has null value. If it is a reference, it may not be in the context or its toString() returned null. /templates/entity.java.vm[line 76, column 26]
2022-06-11 17:50:10,864 - Left side (${logicDeleteFieldName}) of '==' operation has null value. If it is a reference, it may not be in the context or its toString() returned null. /templates/entity.java.vm[line 80, column 30]
2022-06-11 17:50:10,864 - Left side (${versionFieldName}) of '==' operation has null value. If it is a reference, it may not be in the context or its toString() returned null. /templates/entity.java.vm[line 76, column 26]
2022-06-11 17:50:10,864 - Left side (${logicDeleteFieldName}) of '==' operation has null value. If it is a reference, it may not be in the context or its toString() returned null. /templates/entity.java.vm[line 80, column 30]
2022-06-11 17:50:10,864 - Left side (${versionFieldName}) of '==' operation has null value. If it is a reference, it may not be in the context or its toString() returned null. /templates/entity.java.vm[line 76, column 26]
2022-06-11 17:50:10,865 - Left side (${logicDeleteFieldName}) of '==' operation has null value. If it is a reference, it may not be in the context or its toString() returned null. /templates/entity.java.vm[line 80, column 30]
2022-06-11 17:50:10,865 - Left side (${versionFieldName}) of '==' operation has null value. If it is a reference, it may not be in the context or its toString() returned null. /templates/entity.java.vm[line 76, column 26]
2022-06-11 17:50:10,865 - Left side (${logicDeleteFieldName}) of '==' operation has null value. If it is a reference, it may not be in the context or its toString() returned null. /templates/entity.java.vm[line 80, column 30]
2022-06-11 17:50:10,865 - Left side (${versionFieldName}) of '==' operation has null value. If it is a reference, it may not be in the context or its toString() returned null. /templates/entity.java.vm[line 76, column 26]
2022-06-11 17:50:10,865 - Left side (${logicDeleteFieldName}) of '==' operation has null value. If it is a reference, it may not be in the context or its toString() returned null. /templates/entity.java.vm[line 80, column 30]
2022-06-11 17:50:10,865 - Left side (${versionFieldName}) of '==' operation has null value. If it is a reference, it may not be in the context or its toString() returned null. /templates/entity.java.vm[line 76, column 26]
2022-06-11 17:50:10,865 - Left side (${logicDeleteFieldName}) of '==' operation has null value. If it is a reference, it may not be in the context or its toString() returned null. /templates/entity.java.vm[line 80, column 30]
2022-06-11 17:50:10,865 - Left side (${versionFieldName}) of '==' operation has null value. If it is a reference, it may not be in the context or its toString() returned null. /templates/entity.java.vm[line 76, column 26]
2022-06-11 17:50:10,865 - Left side (${logicDeleteFieldName}) of '==' operation has null value. If it is a reference, it may not be in the context or its toString() returned null. /templates/entity.java.vm[line 80, column 30]
2022-06-11 17:50:10,865 - Left side (${versionFieldName}) of '==' operation has null value. If it is a reference, it may not be in the context or its toString() returned null. /templates/entity.java.vm[line 76, column 26]
2022-06-11 17:50:10,865 - Left side (${logicDeleteFieldName}) of '==' operation has null value. If it is a reference, it may not be in the context or its toString() returned null. /templates/entity.java.vm[line 80, column 30]
2022-06-11 17:50:10,865 - Left side (${versionFieldName}) of '==' operation has null value. If it is a reference, it may not be in the context or its toString() returned null. /templates/entity.java.vm[line 76, column 26]
2022-06-11 17:50:10,865 - Left side (${logicDeleteFieldName}) of '==' operation has null value. If it is a reference, it may not be in the context or its toString() returned null. /templates/entity.java.vm[line 80, column 30]
2022-06-11 17:50:10,865 - Left side (${versionFieldName}) of '==' operation has null value. If it is a reference, it may not be in the context or its toString() returned null. /templates/entity.java.vm[line 76, column 26]
2022-06-11 17:50:10,865 - Left side (${logicDeleteFieldName}) of '==' operation has null value. If it is a reference, it may not be in the context or its toString() returned null. /templates/entity.java.vm[line 80, column 30]
2022-06-11 17:50:10,865 - Left side (${versionFieldName}) of '==' operation has null value. If it is a reference, it may not be in the context or its toString() returned null. /templates/entity.java.vm[line 76, column 26]
2022-06-11 17:50:10,865 - Left side (${logicDeleteFieldName}) of '==' operation has null value. If it is a reference, it may not be in the context or its toString() returned null. /templates/entity.java.vm[line 80, column 30]
2022-06-11 17:50:10,867 - ResourceManager : found /templates/mapper.java.vm with loader org.apache.velocity.runtime.resource.loader.ClasspathResourceLoader
2022-06-11 17:50:10,869 - ResourceManager : found /templates/mapper.xml.vm with loader org.apache.velocity.runtime.resource.loader.ClasspathResourceLoader
2022-06-11 17:50:10,870 - ResourceManager : found /templates/service.java.vm with loader org.apache.velocity.runtime.resource.loader.ClasspathResourceLoader
2022-06-11 17:50:10,872 - ResourceManager : found /templates/serviceImpl.java.vm with loader org.apache.velocity.runtime.resource.loader.ClasspathResourceLoader
2022-06-11 17:50:10,873 - ResourceManager : found /templates/controller.java.vm with loader org.apache.velocity.runtime.resource.loader.ClasspathResourceLoader
2022-06-11 17:50:10,875 - ResourceManager : found /templates/entity.java.vm with loader org.apache.velocity.runtime.resource.loader.ClasspathResourceLoader
2022-06-11 17:50:10,876 - Left side (${versionFieldName}) of '==' operation has null value. If it is a reference, it may not be in the context or its toString() returned null. /templates/entity.java.vm[line 76, column 26]
2022-06-11 17:50:10,876 - Left side (${logicDeleteFieldName}) of '==' operation has null value. If it is a reference, it may not be in the context or its toString() returned null. /templates/entity.java.vm[line 80, column 30]
2022-06-11 17:50:10,876 - Left side (${versionFieldName}) of '==' operation has null value. If it is a reference, it may not be in the context or its toString() returned null. /templates/entity.java.vm[line 76, column 26]
2022-06-11 17:50:10,876 - Left side (${logicDeleteFieldName}) of '==' operation has null value. If it is a reference, it may not be in the context or its toString() returned null. /templates/entity.java.vm[line 80, column 30]
2022-06-11 17:50:10,878 - ResourceManager : found /templates/mapper.java.vm with loader org.apache.velocity.runtime.resource.loader.ClasspathResourceLoader
2022-06-11 17:50:10,880 - ResourceManager : found /templates/mapper.xml.vm with loader org.apache.velocity.runtime.resource.loader.ClasspathResourceLoader
2022-06-11 17:50:10,881 - ResourceManager : found /templates/service.java.vm with loader org.apache.velocity.runtime.resource.loader.ClasspathResourceLoader
2022-06-11 17:50:10,883 - ResourceManager : found /templates/serviceImpl.java.vm with loader org.apache.velocity.runtime.resource.loader.ClasspathResourceLoader
2022-06-11 17:50:10,885 - ResourceManager : found /templates/controller.java.vm with loader org.apache.velocity.runtime.resource.loader.ClasspathResourceLoader
2022-06-12 09:53:16,114 - Log4JLogChute initialized using file 'velocity.log'
2022-06-12 09:53:16,115 - Initializing Velocity, Calling init()...
2022-06-12 09:53:16,115 - Starting Apache Velocity v1.7 (compiled: 2010-11-19 12:14:37)
2022-06-12 09:53:16,115 - Default Properties File: org\apache\velocity\runtime\defaults\velocity.properties
2022-06-12 09:53:16,115 - Trying to use logger class org.apache.velocity.runtime.log.AvalonLogChute
2022-06-12 09:53:16,115 - Target log system for org.apache.velocity.runtime.log.AvalonLogChute is not available (java.lang.NoClassDefFoundError: org/apache/log/format/Formatter).  Falling back to next log system...
2022-06-12 09:53:16,115 - Trying to use logger class org.apache.velocity.runtime.log.Log4JLogChute
2022-06-12 09:53:16,115 - Using logger class org.apache.velocity.runtime.log.Log4JLogChute
2022-06-12 09:53:16,119 - ResourceLoader instantiated: org.apache.velocity.runtime.resource.loader.ClasspathResourceLoader
2022-06-12 09:53:16,130 - ResourceCache: initialized (class org.apache.velocity.runtime.resource.ResourceCacheImpl) with class java.util.Collections$SynchronizedMap cache map.
2022-06-12 09:53:16,131 - Loaded System Directive: org.apache.velocity.runtime.directive.Stop
2022-06-12 09:53:16,132 - Loaded System Directive: org.apache.velocity.runtime.directive.Define
2022-06-12 09:53:16,132 - Loaded System Directive: org.apache.velocity.runtime.directive.Break
2022-06-12 09:53:16,133 - Loaded System Directive: org.apache.velocity.runtime.directive.Evaluate
2022-06-12 09:53:16,133 - Loaded System Directive: org.apache.velocity.runtime.directive.Literal
2022-06-12 09:53:16,136 - Loaded System Directive: org.apache.velocity.runtime.directive.Macro
2022-06-12 09:53:16,138 - Loaded System Directive: org.apache.velocity.runtime.directive.Parse
2022-06-12 09:53:16,139 - Loaded System Directive: org.apache.velocity.runtime.directive.Include
2022-06-12 09:53:16,140 - Loaded System Directive: org.apache.velocity.runtime.directive.Foreach
2022-06-12 09:53:16,163 - Created '20' parsers.
2022-06-12 09:53:16,168 - Velocimacro : "velocimacro.library" is not set.  Trying default library: VM_global_library.vm
2022-06-12 09:53:16,168 - Could not load resource 'VM_global_library.vm' from ResourceLoader org.apache.velocity.runtime.resource.loader.ClasspathResourceLoader: ClasspathResourceLoader Error: cannot find resource VM_global_library.vm
2022-06-12 09:53:16,168 - Velocimacro : Default library not found.
2022-06-12 09:53:16,168 - Velocimacro : allowInline = true : VMs can be defined inline in templates
2022-06-12 09:53:16,168 - Velocimacro : allowInlineToOverride = false : VMs defined inline may NOT replace previous VM definitions
2022-06-12 09:53:16,168 - Velocimacro : allowInlineLocal = false : VMs defined inline will be global in scope if allowed.
2022-06-12 09:53:16,168 - Velocimacro : autoload off : VM system will not automatically reload global library macros
2022-06-12 09:53:16,189 - ResourceManager : found /templates/entity.java.vm with loader org.apache.velocity.runtime.resource.loader.ClasspathResourceLoader
2022-06-12 09:53:16,197 - Left side (${versionFieldName}) of '==' operation has null value. If it is a reference, it may not be in the context or its toString() returned null. /templates/entity.java.vm[line 76, column 26]
2022-06-12 09:53:16,197 - Left side (${logicDeleteFieldName}) of '==' operation has null value. If it is a reference, it may not be in the context or its toString() returned null. /templates/entity.java.vm[line 80, column 30]
2022-06-12 09:53:16,197 - Left side (${versionFieldName}) of '==' operation has null value. If it is a reference, it may not be in the context or its toString() returned null. /templates/entity.java.vm[line 76, column 26]
2022-06-12 09:53:16,197 - Left side (${logicDeleteFieldName}) of '==' operation has null value. If it is a reference, it may not be in the context or its toString() returned null. /templates/entity.java.vm[line 80, column 30]
2022-06-12 09:53:16,203 - ResourceManager : found /templates/mapper.java.vm with loader org.apache.velocity.runtime.resource.loader.ClasspathResourceLoader
2022-06-12 09:53:16,206 - ResourceManager : found /templates/mapper.xml.vm with loader org.apache.velocity.runtime.resource.loader.ClasspathResourceLoader
2022-06-12 09:53:16,208 - ResourceManager : found /templates/service.java.vm with loader org.apache.velocity.runtime.resource.loader.ClasspathResourceLoader
2022-06-12 09:53:16,210 - ResourceManager : found /templates/serviceImpl.java.vm with loader org.apache.velocity.runtime.resource.loader.ClasspathResourceLoader
2022-06-12 09:53:16,212 - ResourceManager : found /templates/controller.java.vm with loader org.apache.velocity.runtime.resource.loader.ClasspathResourceLoader
